<?xml version="1.0" encoding="UTF-8"?>
<testng-results ignored="0" total="2" passed="2" failed="0" skipped="0">
  <reporter-output>
  </reporter-output>
  <suite started-at="2021-06-24T21:27:02 EDT" name="Default suite" finished-at="2021-06-24T21:27:07 EDT" duration-ms="5154">
    <groups>
    </groups>
    <test started-at="2021-06-24T21:27:02 EDT" name="Default test" finished-at="2021-06-24T21:27:07 EDT" duration-ms="5154">
      <class name="FinalProject.CountingNumber">
        <test-method is-config="true" signature="setUpClass()[pri:0, instance:FinalProject.CountingNumber@59af0466]" started-at="2021-06-24T21:27:02 EDT" name="setUpClass" finished-at="2021-06-24T21:27:02 EDT" duration-ms="6" status="PASS">
          <reporter-output>
          </reporter-output>
        </test-method> <!-- setUpClass -->
        <test-method signature="buttons()[pri:0, instance:FinalProject.CountingNumber@59af0466]" started-at="2021-06-24T21:27:02 EDT" name="buttons" finished-at="2021-06-24T21:27:05 EDT" duration-ms="2683" status="PASS">
          <reporter-output>
          </reporter-output>
        </test-method> <!-- buttons -->
        <test-method signature="imagess()[pri:0, instance:FinalProject.CountingNumber@59af0466]" started-at="2021-06-24T21:27:05 EDT" name="imagess" finished-at="2021-06-24T21:27:07 EDT" duration-ms="2431" status="PASS">
          <reporter-output>
          </reporter-output>
        </test-method> <!-- imagess -->
      </class> <!-- FinalProject.CountingNumber -->
    </test> <!-- Default test -->
  </suite> <!-- Default suite -->
</testng-results>
